{"/home/server/test/product-service/app.js": {"path":"/home/server/test/product-service/app.js","statementMap":{"0":{"start":{"line":12,"column":16},"end":{"line":12,"column":34}},"1":{"start":{"line":13,"column":13},"end":{"line":13,"column":28}},"2":{"start":{"line":15,"column":12},"end":{"line":15,"column":21}},"3":{"start":{"line":21,"column":0},"end":{"line":21,"column":16}},"4":{"start":{"line":22,"column":0},"end":{"line":22,"column":24}},"5":{"start":{"line":29,"column":0},"end":{"line":35,"column":3}},"6":{"start":{"line":30,"column":2},"end":{"line":34,"column":5}},"7":{"start":{"line":38,"column":22},"end":{"line":38,"column":50}},"8":{"start":{"line":39,"column":0},"end":{"line":39,"column":40}},"9":{"start":{"line":42,"column":0},"end":{"line":47,"column":3}},"10":{"start":{"line":43,"column":2},"end":{"line":46,"column":5}},"11":{"start":{"line":49,"column":0},"end":{"line":49,"column":21}}},"fnMap":{"0":{"name":"(anonymous_0)","decl":{"start":{"line":29,"column":19},"end":{"line":29,"column":20}},"loc":{"start":{"line":29,"column":33},"end":{"line":35,"column":1}},"line":29},"1":{"name":"(anonymous_1)","decl":{"start":{"line":42,"column":8},"end":{"line":42,"column":9}},"loc":{"start":{"line":42,"column":22},"end":{"line":47,"column":1}},"line":42}},"branchMap":{},"s":{"0":1,"1":1,"2":1,"3":1,"4":1,"5":1,"6":1,"7":1,"8":1,"9":1,"10":1,"11":1},"f":{"0":1,"1":1},"b":{},"_coverageSchema":"1a1c01bbd47fc00a2c39e90264f33305004495a9","hash":"72b0c4f24a3cb08b0157517e9c1f752dc7d0827d"}
,"/home/server/test/product-service/data/products.js": {"path":"/home/server/test/product-service/data/products.js","statementMap":{"0":{"start":{"line":11,"column":17},"end":{"line":72,"column":1}},"1":{"start":{"line":74,"column":0},"end":{"line":74,"column":26}}},"fnMap":{},"branchMap":{},"s":{"0":1,"1":1},"f":{},"b":{},"_coverageSchema":"1a1c01bbd47fc00a2c39e90264f33305004495a9","hash":"99f83ff53e16820ddb42b68bee23dd4a48ec23d0"}
,"/home/server/test/product-service/routes/products.js": {"path":"/home/server/test/product-service/routes/products.js","statementMap":{"0":{"start":{"line":14,"column":16},"end":{"line":14,"column":34}},"1":{"start":{"line":15,"column":15},"end":{"line":15,"column":31}},"2":{"start":{"line":18,"column":17},"end":{"line":18,"column":44}},"3":{"start":{"line":32,"column":0},"end":{"line":57,"column":3}},"4":{"start":{"line":33,"column":2},"end":{"line":56,"column":3}},"5":{"start":{"line":34,"column":25},"end":{"line":34,"column":34}},"6":{"start":{"line":36,"column":17},"end":{"line":36,"column":25}},"7":{"start":{"line":39,"column":4},"end":{"line":43,"column":5}},"8":{"start":{"line":40,"column":6},"end":{"line":42,"column":8}},"9":{"start":{"line":41,"column":21},"end":{"line":41,"column":78}},"10":{"start":{"line":45,"column":4},"end":{"line":49,"column":7}},"11":{"start":{"line":51,"column":4},"end":{"line":55,"column":7}},"12":{"start":{"line":69,"column":0},"end":{"line":103,"column":3}},"13":{"start":{"line":70,"column":2},"end":{"line":102,"column":3}},"14":{"start":{"line":71,"column":15},"end":{"line":71,"column":38}},"15":{"start":{"line":74,"column":4},"end":{"line":79,"column":5}},"16":{"start":{"line":75,"column":6},"end":{"line":78,"column":9}},"17":{"start":{"line":82,"column":20},"end":{"line":82,"column":53}},"18":{"start":{"line":82,"column":41},"end":{"line":82,"column":52}},"19":{"start":{"line":85,"column":4},"end":{"line":90,"column":5}},"20":{"start":{"line":86,"column":6},"end":{"line":89,"column":9}},"21":{"start":{"line":92,"column":4},"end":{"line":95,"column":7}},"22":{"start":{"line":97,"column":4},"end":{"line":101,"column":7}},"23":{"start":{"line":105,"column":0},"end":{"line":105,"column":24}}},"fnMap":{"0":{"name":"(anonymous_0)","decl":{"start":{"line":32,"column":16},"end":{"line":32,"column":17}},"loc":{"start":{"line":32,"column":30},"end":{"line":57,"column":1}},"line":32},"1":{"name":"(anonymous_1)","decl":{"start":{"line":41,"column":8},"end":{"line":41,"column":9}},"loc":{"start":{"line":41,"column":21},"end":{"line":41,"column":78}},"line":41},"2":{"name":"(anonymous_2)","decl":{"start":{"line":69,"column":19},"end":{"line":69,"column":20}},"loc":{"start":{"line":69,"column":33},"end":{"line":103,"column":1}},"line":69},"3":{"name":"(anonymous_3)","decl":{"start":{"line":82,"column":34},"end":{"line":82,"column":35}},"loc":{"start":{"line":82,"column":41},"end":{"line":82,"column":52}},"line":82}},"branchMap":{"0":{"loc":{"start":{"line":39,"column":4},"end":{"line":43,"column":5}},"type":"if","locations":[{"start":{"line":39,"column":4},"end":{"line":43,"column":5}},{"start":{},"end":{}}],"line":39},"1":{"loc":{"start":{"line":74,"column":4},"end":{"line":79,"column":5}},"type":"if","locations":[{"start":{"line":74,"column":4},"end":{"line":79,"column":5}},{"start":{},"end":{}}],"line":74},"2":{"loc":{"start":{"line":85,"column":4},"end":{"line":90,"column":5}},"type":"if","locations":[{"start":{"line":85,"column":4},"end":{"line":90,"column":5}},{"start":{},"end":{}}],"line":85}},"s":{"0":1,"1":1,"2":1,"3":1,"4":3,"5":3,"6":3,"7":3,"8":2,"9":12,"10":3,"11":0,"12":1,"13":3,"14":3,"15":3,"16":1,"17":2,"18":7,"19":2,"20":1,"21":1,"22":0,"23":1},"f":{"0":3,"1":12,"2":3,"3":7},"b":{"0":[2,1],"1":[1,2],"2":[1,1]},"_coverageSchema":"1a1c01bbd47fc00a2c39e90264f33305004495a9","hash":"35e58f0ff8fdf7f09882f6b767d75a156d06b594"}
}
