TN:
SF:app.js
FN:29,(anonymous_0)
FN:42,(anonymous_1)
FNF:2
FNH:2
FNDA:1,(anonymous_0)
FNDA:1,(anonymous_1)
DA:12,1
DA:13,1
DA:15,1
DA:21,1
DA:22,1
DA:29,1
DA:30,1
DA:38,1
DA:39,1
DA:42,1
DA:43,1
DA:49,1
LF:12
LH:12
BRF:0
BRH:0
end_of_record
TN:
SF:data/products.js
FNF:0
FNH:0
DA:11,1
DA:74,1
LF:2
LH:2
BRF:0
BRH:0
end_of_record
TN:
SF:routes/products.js
FN:32,(anonymous_0)
FN:41,(anonymous_1)
FN:69,(anonymous_2)
FN:82,(anonymous_3)
FNF:4
FNH:4
FNDA:3,(anonymous_0)
FNDA:12,(anonymous_1)
FNDA:3,(anonymous_2)
FNDA:7,(anonymous_3)
DA:14,1
DA:15,1
DA:18,1
DA:32,1
DA:33,3
DA:34,3
DA:36,3
DA:39,3
DA:40,2
DA:41,12
DA:45,3
DA:51,0
DA:69,1
DA:70,3
DA:71,3
DA:74,3
DA:75,1
DA:82,7
DA:85,2
DA:86,1
DA:92,1
DA:97,0
DA:105,1
LF:23
LH:21
BRDA:39,0,0,2
BRDA:39,0,1,1
BRDA:74,1,0,1
BRDA:74,1,1,2
BRDA:85,2,0,1
BRDA:85,2,1,1
BRF:6
BRH:6
end_of_record
